<?xml version="1.0" encoding="UTF-8"?>
<!-- Generated by org.testng.reporters.JUnitReportReporter -->
<testsuite hostname="Sasikumar" failures="0" tests="1" name="org.tests.YatraTests" time="54.747" errors="0" timestamp="2025-08-08T01:28:04 IST" skipped="0">
  <testcase classname="org.tests.YatraTests" name="testOne" time="54.747"/>
</testsuite> <!-- org.tests.YatraTests -->
